<?xml version="1.0" encoding="UTF-8"?>
<!-- Generated by org.testng.reporters.JUnitReportReporter -->
<testsuite hostname="Ravi-PC" failures="0" tests="1" name="demo_EL" time="17.062" errors="0" timestamp="2021-06-24T09:07:54 IST" skipped="0">
  <testcase classname="demo_EL" name="test" time="17.062"/>
  <system-out/>
</testsuite> <!-- demo_EL -->
